Arguments: 
  /Users/albert/.nvm/versions/node/v10.20.1/bin/node /Users/albert/.yarn/bin/yarn.js add sequelize pg

PATH: 
  /Users/albert/.yarn/bin:/Users/albert/.config/yarn/global/node_modules/.bin:/Users/albert/.nvm/versions/node/v10.20.1/bin:/usr/local/opt/gnu-sed/libexec/gnubin:/Users/albert/Library/Android/sdk/tools:/Users/albert/Library/Android/sdk/platform-tools:/Applications/Android Studio.app/Contents/jre/jdk/Contents/Home/bin:/Users/albert/google-cloud-sdk/bin:/usr/local/bin:/usr/bin:/bin:/usr/sbin:/sbin:/opt/gradle/gradle-6.4/bin:/Users/albert/.yarn/bin:/Users/albert/.config/yarn/global/node_modules/.bin:/Users/albert/.nvm/versions/node/v10.20.1/bin:/usr/local/opt/gnu-sed/libexec/gnubin:/Users/albert/Library/Android/sdk/tools:/Users/albert/Library/Android/sdk/platform-tools:/Applications/Android Studio.app/Contents/jre/jdk/Contents/Home/bin:/Users/albert/google-cloud-sdk/bin:/usr/local/bin:/usr/bin:/bin:/usr/sbin:/sbin

Yarn version: 
  1.21.1

Node version: 
  10.20.1

Platform: 
  darwin x64

Trace: 
  Error: getaddrinfo ENOTFOUND registry.yarnpkg.com registry.yarnpkg.com:443
      at GetAddrInfoReqWrap.onlookup [as oncomplete] (dns.js:56:26)

npm manifest: 
  {
    "name": "node-orm",
    "version": "1.0.0",
    "description": "Express API with Sequelize ORM",
    "main": "index.js",
    "author": "Okwonks",
    "license": "MIT"
  }

yarn manifest: 
  No manifest

Lockfile: 
  # THIS IS AN AUTOGENERATED FILE. DO NOT EDIT THIS FILE DIRECTLY.
  # yarn lockfile v1
